2019-04-26 19:30:54 +0000  Initial pipeline context: <IDEDistributionProcessingPipelineContext: 0x7fd34b829660; archive(resolved)='<IDEArchive: 0x7fd343bddba0>', distributionTask(resolved)='2', distributionDestination(resolved)='2', distributionMethod(resolved)='<IDEDistributionMethodiOSAppStoreDistribution: 0x7fd347031b10>', team(resolved)='<IDEProvisioningDisambiguatableBasicTeam: 0x7fd346081aa0; teamID='U96DCE98DX', teamName='Christian Beckermann', teamType='Individual', username='chrisgrafix77@gmail.com', isFreeProvisioningTeam='0'>'>
	Chain (13, self inclusive):
	<IDEDistributionProcessingPipelineContext: 0x7fd34b829660; archive = '<IDEArchive: 0x7fd343bddba0>', distributionMethod='<IDEDistributionMethodiOSAppStoreDistribution: 0x7fd347031b10>', team='<IDEProvisioningDisambiguatableBasicTeam: 0x7fd346081aa0; teamID='U96DCE98DX', teamName='Christian Beckermann', teamType='Individual', username='chrisgrafix77@gmail.com', isFreeProvisioningTeam='0'>'>
	<IDEDistributionProcessingPipelineContext: 0x7fd347fab9c0; archive = '<IDEArchive: 0x7fd343bddba0>', distributionMethod='<IDEDistributionMethodiOSAppStoreDistribution: 0x7fd347031b10>', team='<IDEProvisioningDisambiguatableBasicTeam: 0x7fd346081aa0; teamID='U96DCE98DX', teamName='Christian Beckermann', teamType='Individual', username='chrisgrafix77@gmail.com', isFreeProvisioningTeam='0'>'>
	<IDEDistributionContext: 0x7fd3498f8780; archive = '<IDEArchive: 0x7fd343bddba0>', distributionMethod='<IDEDistributionMethodiOSAppStoreDistribution: 0x7fd347031b10>', team='<IDEProvisioningDisambiguatableBasicTeam: 0x7fd346081aa0; teamID='U96DCE98DX', teamName='Christian Beckermann', teamType='Individual', username='chrisgrafix77@gmail.com', isFreeProvisioningTeam='0'>'>
	<IDEDistributionContext: 0x7fd343f323f0; archive = '<IDEArchive: 0x7fd343bddba0>', distributionMethod='<IDEDistributionMethodiOSAppStoreDistribution: 0x7fd347031b10>', team='<IDEProvisioningDisambiguatableBasicTeam: 0x7fd346081aa0; teamID='U96DCE98DX', teamName='Christian Beckermann', teamType='Individual', username='chrisgrafix77@gmail.com', isFreeProvisioningTeam='0'>'>
	<IDEDistributionContext: 0x7fd343b96170; archive = '<IDEArchive: 0x7fd343bddba0>', distributionMethod='<IDEDistributionMethodiOSAppStoreDistribution: 0x7fd347031b10>', team='<IDEProvisioningDisambiguatableBasicTeam: 0x7fd346081aa0; teamID='U96DCE98DX', teamName='Christian Beckermann', teamType='Individual', username='chrisgrafix77@gmail.com', isFreeProvisioningTeam='0'>'>
	<IDEDistributionContext: 0x7fd34de80940; archive = '<IDEArchive: 0x7fd343bddba0>', distributionMethod='<IDEDistributionMethodiOSAppStoreDistribution: 0x7fd347031b10>', team='<IDEProvisioningDisambiguatableBasicTeam: 0x7fd346081aa0; teamID='U96DCE98DX', teamName='Christian Beckermann', teamType='Individual', username='chrisgrafix77@gmail.com', isFreeProvisioningTeam='0'>'>
	<IDEDistributionContext: 0x7fd34dd97d00; archive = '<IDEArchive: 0x7fd343bddba0>', distributionMethod='<IDEDistributionMethodiOSAppStoreDistribution: 0x7fd347031b10>', team='<IDEProvisioningDisambiguatableBasicTeam: 0x7fd346081aa0; teamID='U96DCE98DX', teamName='Christian Beckermann', teamType='Individual', username='chrisgrafix77@gmail.com', isFreeProvisioningTeam='0'>'>
	<IDEDistributionContext: 0x7fd3475a6a20; archive = '<IDEArchive: 0x7fd343bddba0>', distributionMethod='<IDEDistributionMethodiOSAppStoreDistribution: 0x7fd347031b10>', team='<IDEProvisioningDisambiguatableBasicTeam: 0x7fd346081aa0; teamID='U96DCE98DX', teamName='Christian Beckermann', teamType='Individual', username='chrisgrafix77@gmail.com', isFreeProvisioningTeam='0'>'>
	<IDEDistributionContext: 0x7fd347fdd190; archive = '<IDEArchive: 0x7fd343bddba0>', distributionMethod='<IDEDistributionMethodiOSAppStoreDistribution: 0x7fd347031b10>', team='<IDEProvisioningDisambiguatableBasicTeam: 0x7fd346081aa0; teamID='U96DCE98DX', teamName='Christian Beckermann', teamType='Individual', username='chrisgrafix77@gmail.com', isFreeProvisioningTeam='0'>'>
	<IDEDistributionContext: 0x7fd34b812120; archive = '<IDEArchive: 0x7fd343bddba0>', distributionMethod='<IDEDistributionMethodiOSAppStoreDistribution: 0x7fd347031b10>', team='<IDEProvisioningDisambiguatableBasicTeam: 0x7fd346081aa0; teamID='U96DCE98DX', teamName='Christian Beckermann', teamType='Individual', username='chrisgrafix77@gmail.com', isFreeProvisioningTeam='0'>'>
	<IDEDistributionContext: 0x7fd343838de0; archive = '<IDEArchive: 0x7fd343bddba0>', distributionMethod='<IDEDistributionMethodiOSAppStoreDistribution: 0x7fd347031b10>', team='(null)'>
	<IDEDistributionContext: 0x7fd346bf5e90; archive = '<IDEArchive: 0x7fd343bddba0>', distributionMethod='<IDEDistributionMethodiOSAppStoreDistribution: 0x7fd347031b10>', team='(null)'>
	<IDEDistributionContext: 0x7fd34ca3dbe0; archive = '<IDEArchive: 0x7fd343bddba0>', distributionMethod='(null)', team='(null)'>
</IDEDistributionProcessingPipelineContext: 0x7fd34b829660>
2019-04-26 19:30:54 +0000  Processing step: IDEDistributionCreateDestRootStep
2019-04-26 19:30:54 +0000  Processing step: IDEDistributionCopyItemStep
2019-04-26 19:30:54 +0000  Running /usr/bin/ditto '-V' '/Users/hi/Library/Developer/Xcode/Archives/2019-04-27/Stasht 4-27-19, 12.23 AM.xcarchive/Products/Applications/Stasht.app' '/var/folders/hh/k8h7rshn44q53tndvj1rfqhc0000gn/T/XcodeDistPipeline.~~~ZnpTq0/Root/Payload/Stasht.app'
2019-04-26 19:30:54 +0000  >>> Copying /Users/hi/Library/Developer/Xcode/Archives/2019-04-27/Stasht 4-27-19, 12.23 AM.xcarchive/Products/Applications/Stasht.app 
2019-04-26 19:30:54 +0000  copying file ./_CodeSignature/CodeResources ... 
2019-04-26 19:30:54 +0000  27329 bytes for ./_CodeSignature/CodeResources
2019-04-26 19:30:54 +0000  copying file ./Octicons.ttf ... 
2019-04-26 19:30:54 +0000  27520 bytes for ./Octicons.ttf
2019-04-26 19:30:54 +0000  copying file ./Feather.ttf ... 
2019-04-26 19:30:54 +0000  65112 bytes for ./Feather.ttf
copying file ./Roboto_medium.ttf ... 
2019-04-26 19:30:54 +0000  137308 bytes for ./Roboto_medium.ttf
copying file ./AppIcon57x57.png ... 
2019-04-26 19:30:54 +0000  4410 bytes for ./AppIcon57x57.png
copying file ./gibson-regular.ttf ... 
2019-04-26 19:30:54 +0000  42472 bytes for ./gibson-regular.ttf
copying file ./Entypo.ttf ... 
2019-04-26 19:30:54 +0000  65584 bytes for ./Entypo.ttf
copying file ./FontAwesome5_Brands.ttf ... 
2019-04-26 19:30:54 +0000  125016 bytes for ./FontAwesome5_Brands.ttf
copying file ./AppIcon29x29.png ... 
2019-04-26 19:30:54 +0000  2020 bytes for ./AppIcon29x29.png
2019-04-26 19:30:54 +0000  copying file ./MaterialCommunityIcons.ttf ... 
2019-04-26 19:30:54 +0000  531476 bytes for ./MaterialCommunityIcons.ttf
copying file ./GibsonLight Regular.ttf ... 
2019-04-26 19:30:54 +0000  41612 bytes for ./GibsonLight Regular.ttf
copying file ./GibsonCond Bold.ttf ... 
2019-04-26 19:30:54 +0000  41864 bytes for ./GibsonCond Bold.ttf
2019-04-26 19:30:54 +0000  copying file ./GibsonLight RegularItalic.ttf ... 
2019-04-26 19:30:54 +0000  41684 bytes for ./GibsonLight RegularItalic.ttf
copying file ./AntDesign.ttf ... 
2019-04-26 19:30:54 +0000  70344 bytes for ./AntDesign.ttf
copying file ./Foundation.ttf ... 
2019-04-26 19:30:54 +0000  56976 bytes for ./Foundation.ttf
copying file ./Ionicons.ttf ... 
2019-04-26 19:30:54 +0000  112472 bytes for ./Ionicons.ttf
copying file ./FontAwesome5_Solid.ttf ... 
2019-04-26 19:30:54 +0000  186228 bytes for ./FontAwesome5_Solid.ttf
2019-04-26 19:30:54 +0000  copying file ./FontAwesome5_Regular.ttf ... 
2019-04-26 19:30:54 +0000  34092 bytes for ./FontAwesome5_Regular.ttf
copying file ./gibson-bolditalic.ttf ... 
2019-04-26 19:30:54 +0000  40588 bytes for ./gibson-bolditalic.ttf
2019-04-26 19:30:54 +0000  copying file ./rubicon-icon-font.ttf ... 
2019-04-26 19:30:54 +0000  10208 bytes for ./rubicon-icon-font.ttf
2019-04-26 19:30:54 +0000  copying file ./Base.lproj/LaunchScreen.nib ... 
2019-04-26 19:30:54 +0000  3093 bytes for ./Base.lproj/LaunchScreen.nib
2019-04-26 19:30:54 +0000  copying file ./FontAwesome.ttf ... 
2019-04-26 19:30:54 +0000  165548 bytes for ./FontAwesome.ttf
copying file ./gibson-bold.ttf ... 
2019-04-26 19:30:54 +0000  42356 bytes for ./gibson-bold.ttf
copying file ./Zocial.ttf ... 
2019-04-26 19:30:54 +0000  25552 bytes for ./Zocial.ttf
copying file ./Roboto.ttf ... 
2019-04-26 19:30:54 +0000  145348 bytes for ./Roboto.ttf
copying file ./Stasht ... 
2019-04-26 19:30:55 +0000  32490176 bytes for ./Stasht
copying file ./Assets.car ... 
2019-04-26 19:30:55 +0000  25032 bytes for ./Assets.car
copying file ./EvilIcons.ttf ... 
2019-04-26 19:30:55 +0000  13456 bytes for ./EvilIcons.ttf
copying file ./GibsonExtrabold Regular.ttf ... 
2019-04-26 19:30:55 +0000  40756 bytes for ./GibsonExtrabold Regular.ttf
2019-04-26 19:30:55 +0000  copying file ./main.jsbundle ... 
2019-04-26 19:30:55 +0000  1978694 bytes for ./main.jsbundle
copying file ./GibsonNarrow Bold.ttf ... 
2019-04-26 19:30:55 +0000  42340 bytes for ./GibsonNarrow Bold.ttf
copying file ./SimpleLineIcons.ttf ... 
2019-04-26 19:30:55 +0000  54056 bytes for ./SimpleLineIcons.ttf
copying file ./embedded.mobileprovision ... 
2019-04-26 19:30:55 +0000  7827 bytes for ./embedded.mobileprovision
2019-04-26 19:30:55 +0000  copying file ./assets/app/images/left-arrow.png ... 
2019-04-26 19:30:55 +0000  207 bytes for ./assets/app/images/left-arrow.png
copying file ./assets/app/images/login_bg.png ... 
2019-04-26 19:30:55 +0000  110982 bytes for ./assets/app/images/login_bg.png
copying file ./assets/app/images/facebook-icon.png ... 
2019-04-26 19:30:55 +0000  531 bytes for ./assets/app/images/facebook-icon.png
copying file ./assets/app/images/thumb1.png ... 
2019-04-26 19:30:55 +0000  8748 bytes for ./assets/app/images/thumb1.png
copying file ./assets/app/images/instagram.png ... 
2019-04-26 19:30:55 +0000  2775 bytes for ./assets/app/images/instagram.png
copying file ./assets/app/images/thumb2.png ... 
2019-04-26 19:30:55 +0000  6624 bytes for ./assets/app/images/thumb2.png
2019-04-26 19:30:55 +0000  copying file ./assets/app/images/selected-overlay.png ... 
2019-04-26 19:30:55 +0000  1732 bytes for ./assets/app/images/selected-overlay.png
copying file ./assets/app/images/list-icon.png ... 
2019-04-26 19:30:55 +0000  189 bytes for ./assets/app/images/list-icon.png
copying file ./assets/app/images/woman-5.png ... 
2019-04-26 19:30:55 +0000  3862 bytes for ./assets/app/images/woman-5.png
2019-04-26 19:30:55 +0000  copying file ./assets/app/images/export.png ... 
2019-04-26 19:30:55 +0000  375 bytes for ./assets/app/images/export.png
copying file ./assets/app/images/right-arrow.png ... 
2019-04-26 19:30:55 +0000  214 bytes for ./assets/app/images/right-arrow.png
2019-04-26 19:30:55 +0000  copying file ./assets/app/images/images-icon-selected.png ... 
2019-04-26 19:30:55 +0000  675 bytes for ./assets/app/images/images-icon-selected.png
2019-04-26 19:30:55 +0000  copying file ./assets/app/images/record_btn.png ... 
2019-04-26 19:30:55 +0000  18130 bytes for ./assets/app/images/record_btn.png
2019-04-26 19:30:55 +0000  copying file ./assets/app/images/photo_btn.png ... 
2019-04-26 19:30:55 +0000  18073 bytes for ./assets/app/images/photo_btn.png
copying file ./assets/app/images/avata2.png ... 
2019-04-26 19:30:55 +0000  3645 bytes for ./assets/app/images/avata2.png
2019-04-26 19:30:55 +0000  copying file ./assets/app/images/folder-icon-selected.png ... 
2019-04-26 19:30:55 +0000  322 bytes for ./assets/app/images/folder-icon-selected.png
copying file ./assets/app/images/timeline_bg.png ... 
2019-04-26 19:30:55 +0000  50904 bytes for ./assets/app/images/timeline_bg.png
2019-04-26 19:30:55 +0000  copying file ./assets/app/images/avata3.png ... 
2019-04-26 19:30:55 +0000  4173 bytes for ./assets/app/images/avata3.png
copying file ./assets/app/images/splash.png ... 
2019-04-26 19:30:55 +0000  65212 bytes for ./assets/app/images/splash.png
2019-04-26 19:30:55 +0000  copying file ./assets/app/images/avata1.png ... 
2019-04-26 19:30:55 +0000  4364 bytes for ./assets/app/images/avata1.png
copying file ./assets/app/images/forward.png ... 
2019-04-26 19:30:55 +0000  326 bytes for ./assets/app/images/forward.png
2019-04-26 19:30:55 +0000  copying file ./assets/app/images/postlogo.png ... 
2019-04-26 19:30:55 +0000  15244 bytes for ./assets/app/images/postlogo.png
copying file ./assets/app/images/facebook1.png ... 
2019-04-26 19:30:55 +0000  209 bytes for ./assets/app/images/facebook1.png
copying file ./assets/app/images/record_btn1.png ... 
2019-04-26 19:30:55 +0000  17422 bytes for ./assets/app/images/record_btn1.png
2019-04-26 19:30:55 +0000  copying file ./assets/app/images/trashcan.png ... 
2019-04-26 19:30:55 +0000  368 bytes for ./assets/app/images/trashcan.png
copying file ./assets/app/images/instagram-icon.png ... 
2019-04-26 19:30:55 +0000  1009 bytes for ./assets/app/images/instagram-icon.png
2019-04-26 19:30:55 +0000  copying file ./assets/app/images/info-with-circle.png ... 
2019-04-26 19:30:55 +0000  570 bytes for ./assets/app/images/info-with-circle.png
copying file ./assets/app/images/facebook.png ... 
2019-04-26 19:30:55 +0000  9722 bytes for ./assets/app/images/facebook.png
copying file ./assets/app/images/folder-icon.png ... 
2019-04-26 19:30:55 +0000  319 bytes for ./assets/app/images/folder-icon.png
2019-04-26 19:30:55 +0000  copying file ./assets/app/images/images-icon.png ... 
2019-04-26 19:30:55 +0000  629 bytes for ./assets/app/images/images-icon.png
copying file ./assets/app/images/search-icon.png ... 
2019-04-26 19:30:55 +0000  500 bytes for ./assets/app/images/search-icon.png
2019-04-26 19:30:55 +0000  copying file ./assets/app/images/forgot.png ... 
2019-04-26 19:30:55 +0000  6712 bytes for ./assets/app/images/forgot.png
2019-04-26 19:30:55 +0000  copying file ./assets/app/images/photo1.png ... 
2019-04-26 19:30:55 +0000  255356 bytes for ./assets/app/images/photo1.png
2019-04-26 19:30:55 +0000  copying file ./assets/node_modules/react-native-ratings/src/images/bell.png ... 
2019-04-26 19:30:55 +0000  2989 bytes for ./assets/node_modules/react-native-ratings/src/images/bell.png
copying file ./assets/node_modules/react-native-ratings/src/images/airbnb-star-selected.png ... 
2019-04-26 19:30:55 +0000  934 bytes for ./assets/node_modules/react-native-ratings/src/images/airbnb-star-selected.png
2019-04-26 19:30:55 +0000  copying file ./assets/node_modules/react-native-ratings/src/images/heart.png ... 
2019-04-26 19:30:55 +0000  1928 bytes for ./assets/node_modules/react-native-ratings/src/images/heart.png
copying file ./assets/node_modules/react-native-ratings/src/images/airbnb-star.png ... 
930 bytes for ./assets/node_modules/react-native-ratings/src/images/airbnb-star.png
copying file ./assets/node_modules/react-native-ratings/src/images/rocket.png ... 
4050 bytes for ./assets/node_modules/react-native-ratings/src/images/rocket.png
copying file ./assets/node_modules/react-native-ratings/src/images/star.png ... 
1961 bytes for ./assets/node_modules/react-native-ratings/src/images/star.png
copying file ./assets/node_modules/react-native-router-flux/images/menu_burger.png ... 
706 bytes for ./assets/node_modules/react-native-router-flux/images/menu_burger.png
copying file ./assets/node_modules/react-native-router-flux/images/back_chevron.png ... 
575 bytes for ./assets/node_modules/react-native-router-flux/images/back_chevron.png
copying file ./assets/node_modules/react-native-camera-roll-picker/circle-check.png ... 
1942 bytes for ./assets/node_modules/react-native-camera-roll-picker/circle-check.png
copying file ./assets/node_modules/react-navigation-stack/dist/views/assets/back-icon@3x.png ... 
2019-04-26 19:30:55 +0000  761 bytes for ./assets/node_modules/react-navigation-stack/dist/views/assets/back-icon@3x.png
2019-04-26 19:30:55 +0000  copying file ./assets/node_modules/react-navigation-stack/dist/views/assets/back-icon@2x.png ... 
2019-04-26 19:30:55 +0000  405 bytes for ./assets/node_modules/react-navigation-stack/dist/views/assets/back-icon@2x.png
copying file ./assets/node_modules/react-navigation-stack/dist/views/assets/back-icon.png ... 
2019-04-26 19:30:55 +0000  290 bytes for ./assets/node_modules/react-navigation-stack/dist/views/assets/back-icon.png
copying file ./assets/node_modules/react-navigation-stack/dist/views/assets/back-icon-mask.png ... 
2019-04-26 19:30:55 +0000  659 bytes for ./assets/node_modules/react-navigation-stack/dist/views/assets/back-icon-mask.png
2019-04-26 19:30:55 +0000  copying file ./Info.plist ... 
2019-04-26 19:30:55 +0000  2365 bytes for ./Info.plist
2019-04-26 19:30:55 +0000  copying file ./PkgInfo ... 
2019-04-26 19:30:55 +0000  8 bytes for ./PkgInfo
2019-04-26 19:30:55 +0000  copying file ./MaterialIcons.ttf ... 
2019-04-26 19:30:55 +0000  128180 bytes for ./MaterialIcons.ttf
copying file ./gibson-regularitalic.ttf ... 
2019-04-26 19:30:55 +0000  42612 bytes for ./gibson-regularitalic.ttf
2019-04-26 19:30:55 +0000  /usr/bin/ditto exited with 0
2019-04-26 19:30:55 +0000  Processing step: IDEDistributionEmbedProfileStep
2019-04-26 19:30:55 +0000  Processing step: IDEDistributionItemRemovalStep
2019-04-26 19:30:55 +0000  Processing step: IDEDistributionAppThinningPlistStep
2019-04-26 19:30:55 +0000  Skipping step: IDEDistributionAppThinningPlistStep because it said so
2019-04-26 19:30:55 +0000  Processing step: IDEDistributionCompileBitcodeStep
2019-04-26 19:30:55 +0000  Skipping step: IDEDistributionCompileBitcodeStep because it said so
2019-04-26 19:30:55 +0000  Processing step: IDEDistributionCodeSlimmingStep
2019-04-26 19:30:55 +0000  Processing step: IDEDistributionCopyBCSymbolMapsStep
2019-04-26 19:30:56 +0000  Running /usr/bin/ditto '-V' '/Users/hi/Library/Developer/Xcode/Archives/2019-04-27/Stasht 4-27-19, 12.23 AM.xcarchive/BCSymbolMaps/DC8E6EDE-FDF7-3D79-B959-D4D3AB85748C.bcsymbolmap' '/var/folders/hh/k8h7rshn44q53tndvj1rfqhc0000gn/T/XcodeDistPipeline.~~~ZnpTq0/Root/BCSymbolMaps/DC8E6EDE-FDF7-3D79-B959-D4D3AB85748C.bcsymbolmap'
2019-04-26 19:30:56 +0000  >>> Copying /Users/hi/Library/Developer/Xcode/Archives/2019-04-27/Stasht 4-27-19, 12.23 AM.xcarchive/BCSymbolMaps/DC8E6EDE-FDF7-3D79-B959-D4D3AB85748C.bcsymbolmap 
2019-04-26 19:30:56 +0000  copying file ./DC8E6EDE-FDF7-3D79-B959-D4D3AB85748C.bcsymbolmap ... 
2019-04-26 19:30:56 +0000  913109 bytes for ./DC8E6EDE-FDF7-3D79-B959-D4D3AB85748C.bcsymbolmap
2019-04-26 19:30:56 +0000  /usr/bin/ditto exited with 0
2019-04-26 19:30:56 +0000  Running /usr/bin/ditto '-V' '/Users/hi/Library/Developer/Xcode/Archives/2019-04-27/Stasht 4-27-19, 12.23 AM.xcarchive/BCSymbolMaps/D4E02B07-5289-35EE-9AA4-A58F12B2CFDA.bcsymbolmap' '/var/folders/hh/k8h7rshn44q53tndvj1rfqhc0000gn/T/XcodeDistPipeline.~~~ZnpTq0/Root/BCSymbolMaps/D4E02B07-5289-35EE-9AA4-A58F12B2CFDA.bcsymbolmap'
2019-04-26 19:30:56 +0000  >>> Copying /Users/hi/Library/Developer/Xcode/Archives/2019-04-27/Stasht 4-27-19, 12.23 AM.xcarchive/BCSymbolMaps/D4E02B07-5289-35EE-9AA4-A58F12B2CFDA.bcsymbolmap 
2019-04-26 19:30:56 +0000  copying file ./D4E02B07-5289-35EE-9AA4-A58F12B2CFDA.bcsymbolmap ... 
2019-04-26 19:30:56 +0000  923421 bytes for ./D4E02B07-5289-35EE-9AA4-A58F12B2CFDA.bcsymbolmap
2019-04-26 19:30:56 +0000  /usr/bin/ditto exited with 0
2019-04-26 19:30:56 +0000  Processing step: IDEDistributionSymbolsStep
2019-04-26 19:30:56 +0000  Excluding symbols for Stasht.app
2019-04-26 19:30:56 +0000  Processing step: IDEDistributionCopyAppleProvidedContentStep
2019-04-26 19:30:56 +0000  Processing step: IDEDistributionAppThinningStep
2019-04-26 19:30:56 +0000  Skipping step: IDEDistributionAppThinningStep because it said so
2019-04-26 19:30:56 +0000  Processing step: IDEDistributionArchThinningStep
2019-04-26 19:30:56 +0000  Running /Applications/Xcode.app/Contents/Developer/Toolchains/XcodeDefault.xctoolchain/usr/bin/lipo '/var/folders/hh/k8h7rshn44q53tndvj1rfqhc0000gn/T/XcodeDistPipeline.~~~ZnpTq0/Root/Payload/Stasht.app/Stasht' '-verify_arch' 'arm64e'
2019-04-26 19:30:56 +0000  /Applications/Xcode.app/Contents/Developer/Toolchains/XcodeDefault.xctoolchain/usr/bin/lipo exited with 1
2019-04-26 19:30:56 +0000  Skipping architecture thinning for item "Stasht" because arch "arm64e" wasn't found
2019-04-26 19:30:56 +0000  Processing step: IDEDistributionODRStep
2019-04-26 19:30:56 +0000  Processing step: IDEDistributionStripXattrsStep
2019-04-26 19:30:56 +0000  Running /usr/bin/xattr '-crs' '/var/folders/hh/k8h7rshn44q53tndvj1rfqhc0000gn/T/XcodeDistPipeline.~~~ZnpTq0/Root/Payload/Stasht.app'
2019-04-26 19:30:57 +0000  /usr/bin/xattr exited with 0
2019-04-26 19:30:57 +0000  Processing step: IDEDistributionCodesignStep
2019-04-26 19:30:57 +0000  Entitlements for <IDEDistributionItem: 0x7fd347aa8420 'org.react.native.stasht' '<DVTFilePath:0x7fd3474eb5e0:'/Users/hi/Library/Developer/Xcode/Archives/2019-04-27/Stasht 4-27-19, 12.23 AM.xcarchive/Products/Applications/Stasht.app'>'>: {
    "application-identifier" = "U96DCE98DX.org.react.native.stasht";
    "beta-reports-active" = 1;
    "com.apple.developer.team-identifier" = U96DCE98DX;
    "get-task-allow" = 0;
    "keychain-access-groups" =     (
        "U96DCE98DX.org.react.native.stasht"
    );
}
2019-04-26 19:30:57 +0000  Writing entitlements for <IDEDistributionItem: 0x7fd347aa8420 'org.react.native.stasht' '<DVTFilePath:0x7fd3474eb5e0:'/Users/hi/Library/Developer/Xcode/Archives/2019-04-27/Stasht 4-27-19, 12.23 AM.xcarchive/Products/Applications/Stasht.app'>'> to: /var/folders/hh/k8h7rshn44q53tndvj1rfqhc0000gn/T/XcodeDistPipeline.~~~ZnpTq0/entitlements~~~cIheq8
2019-04-26 19:30:57 +0000  Running /usr/bin/codesign '-vvv' '--force' '--sign' 'F90C450B306C3275D5FF3E8E294CAE42CEB20264' '--entitlements' '/var/folders/hh/k8h7rshn44q53tndvj1rfqhc0000gn/T/XcodeDistPipeline.~~~ZnpTq0/entitlements~~~cIheq8' '--preserve-metadata=identifier,flags,runtime' '/var/folders/hh/k8h7rshn44q53tndvj1rfqhc0000gn/T/XcodeDistPipeline.~~~ZnpTq0/Root/Payload/Stasht.app'
2019-04-26 19:30:58 +0000  /var/folders/hh/k8h7rshn44q53tndvj1rfqhc0000gn/T/XcodeDistPipeline.~~~ZnpTq0/Root/Payload/Stasht.app: signed app bundle with Mach-O universal (armv7 arm64) [org.react.native.stasht]
2019-04-26 19:30:58 +0000  /usr/bin/codesign exited with 0
2019-04-26 19:30:58 +0000  Processing step: IDEDistributionZipODRItemStep
2019-04-26 19:30:58 +0000  Skipping step: IDEDistributionZipODRItemStep because it said so
2019-04-26 19:30:58 +0000  Processing step: IDEDistributionCreateIPAStep
2019-04-26 19:30:58 +0000  Running /usr/bin/ditto '-V' '-c' '-k' '--norsrc' '/var/folders/hh/k8h7rshn44q53tndvj1rfqhc0000gn/T/XcodeDistPipeline.~~~ZnpTq0/Root' '/var/folders/hh/k8h7rshn44q53tndvj1rfqhc0000gn/T/XcodeDistPipeline.~~~ZnpTq0/Packages/Stasht.ipa'
2019-04-26 19:30:58 +0000  >>> Copying /var/folders/hh/k8h7rshn44q53tndvj1rfqhc0000gn/T/XcodeDistPipeline.~~~ZnpTq0/Root 
2019-04-26 19:30:58 +0000  copying file ./BCSymbolMaps/DC8E6EDE-FDF7-3D79-B959-D4D3AB85748C.bcsymbolmap ... 
2019-04-26 19:30:58 +0000  913109 bytes for ./BCSymbolMaps/DC8E6EDE-FDF7-3D79-B959-D4D3AB85748C.bcsymbolmap
copying file ./BCSymbolMaps/D4E02B07-5289-35EE-9AA4-A58F12B2CFDA.bcsymbolmap ... 
2019-04-26 19:30:58 +0000  923421 bytes for ./BCSymbolMaps/D4E02B07-5289-35EE-9AA4-A58F12B2CFDA.bcsymbolmap
2019-04-26 19:30:58 +0000  copying file ./Payload/Stasht.app/_CodeSignature/CodeResources ... 
2019-04-26 19:30:58 +0000  27329 bytes for ./Payload/Stasht.app/_CodeSignature/CodeResources
2019-04-26 19:30:58 +0000  copying file ./Payload/Stasht.app/Octicons.ttf ... 
2019-04-26 19:30:58 +0000  27520 bytes for ./Payload/Stasht.app/Octicons.ttf
copying file ./Payload/Stasht.app/Feather.ttf ... 
2019-04-26 19:30:58 +0000  65112 bytes for ./Payload/Stasht.app/Feather.ttf
copying file ./Payload/Stasht.app/Roboto_medium.ttf ... 
2019-04-26 19:30:58 +0000  137308 bytes for ./Payload/Stasht.app/Roboto_medium.ttf
copying file ./Payload/Stasht.app/AppIcon57x57.png ... 
2019-04-26 19:30:58 +0000  4410 bytes for ./Payload/Stasht.app/AppIcon57x57.png
copying file ./Payload/Stasht.app/gibson-regular.ttf ... 
2019-04-26 19:30:58 +0000  42472 bytes for ./Payload/Stasht.app/gibson-regular.ttf
copying file ./Payload/Stasht.app/Entypo.ttf ... 
2019-04-26 19:30:58 +0000  65584 bytes for ./Payload/Stasht.app/Entypo.ttf
copying file ./Payload/Stasht.app/FontAwesome5_Brands.ttf ... 
2019-04-26 19:30:58 +0000  125016 bytes for ./Payload/Stasht.app/FontAwesome5_Brands.ttf
copying file ./Payload/Stasht.app/AppIcon29x29.png ... 
2019-04-26 19:30:58 +0000  2020 bytes for ./Payload/Stasht.app/AppIcon29x29.png
copying file ./Payload/Stasht.app/MaterialCommunityIcons.ttf ... 
2019-04-26 19:30:58 +0000  531476 bytes for ./Payload/Stasht.app/MaterialCommunityIcons.ttf
copying file ./Payload/Stasht.app/GibsonLight Regular.ttf ... 
2019-04-26 19:30:58 +0000  41612 bytes for ./Payload/Stasht.app/GibsonLight Regular.ttf
copying file ./Payload/Stasht.app/GibsonCond Bold.ttf ... 
2019-04-26 19:30:58 +0000  41864 bytes for ./Payload/Stasht.app/GibsonCond Bold.ttf
copying file ./Payload/Stasht.app/GibsonLight RegularItalic.ttf ... 
2019-04-26 19:30:58 +0000  41684 bytes for ./Payload/Stasht.app/GibsonLight RegularItalic.ttf
copying file ./Payload/Stasht.app/AntDesign.ttf ... 
2019-04-26 19:30:58 +0000  70344 bytes for ./Payload/Stasht.app/AntDesign.ttf
copying file ./Payload/Stasht.app/Foundation.ttf ... 
2019-04-26 19:30:58 +0000  56976 bytes for ./Payload/Stasht.app/Foundation.ttf
copying file ./Payload/Stasht.app/Ionicons.ttf ... 
2019-04-26 19:30:58 +0000  112472 bytes for ./Payload/Stasht.app/Ionicons.ttf
copying file ./Payload/Stasht.app/FontAwesome5_Solid.ttf ... 
2019-04-26 19:30:58 +0000  186228 bytes for ./Payload/Stasht.app/FontAwesome5_Solid.ttf
copying file ./Payload/Stasht.app/FontAwesome5_Regular.ttf ... 
2019-04-26 19:30:58 +0000  34092 bytes for ./Payload/Stasht.app/FontAwesome5_Regular.ttf
copying file ./Payload/Stasht.app/gibson-bolditalic.ttf ... 
2019-04-26 19:30:58 +0000  40588 bytes for ./Payload/Stasht.app/gibson-bolditalic.ttf
copying file ./Payload/Stasht.app/rubicon-icon-font.ttf ... 
2019-04-26 19:30:58 +0000  10208 bytes for ./Payload/Stasht.app/rubicon-icon-font.ttf
2019-04-26 19:30:58 +0000  copying file ./Payload/Stasht.app/Base.lproj/LaunchScreen.nib ... 
2019-04-26 19:30:58 +0000  3093 bytes for ./Payload/Stasht.app/Base.lproj/LaunchScreen.nib
copying file ./Payload/Stasht.app/FontAwesome.ttf ... 
2019-04-26 19:30:58 +0000  165548 bytes for ./Payload/Stasht.app/FontAwesome.ttf
copying file ./Payload/Stasht.app/gibson-bold.ttf ... 
2019-04-26 19:30:58 +0000  42356 bytes for ./Payload/Stasht.app/gibson-bold.ttf
2019-04-26 19:30:58 +0000  copying file ./Payload/Stasht.app/Zocial.ttf ... 
2019-04-26 19:30:58 +0000  25552 bytes for ./Payload/Stasht.app/Zocial.ttf
copying file ./Payload/Stasht.app/Roboto.ttf ... 
2019-04-26 19:30:58 +0000  145348 bytes for ./Payload/Stasht.app/Roboto.ttf
copying file ./Payload/Stasht.app/Stasht ... 
2019-04-26 19:30:59 +0000  28434800 bytes for ./Payload/Stasht.app/Stasht
copying file ./Payload/Stasht.app/Assets.car ... 
2019-04-26 19:30:59 +0000  25032 bytes for ./Payload/Stasht.app/Assets.car
copying file ./Payload/Stasht.app/EvilIcons.ttf ... 
2019-04-26 19:30:59 +0000  13456 bytes for ./Payload/Stasht.app/EvilIcons.ttf
copying file ./Payload/Stasht.app/GibsonExtrabold Regular.ttf ... 
2019-04-26 19:30:59 +0000  40756 bytes for ./Payload/Stasht.app/GibsonExtrabold Regular.ttf
copying file ./Payload/Stasht.app/main.jsbundle ... 
2019-04-26 19:30:59 +0000  1978694 bytes for ./Payload/Stasht.app/main.jsbundle
copying file ./Payload/Stasht.app/GibsonNarrow Bold.ttf ... 
2019-04-26 19:30:59 +0000  42340 bytes for ./Payload/Stasht.app/GibsonNarrow Bold.ttf
copying file ./Payload/Stasht.app/SimpleLineIcons.ttf ... 
2019-04-26 19:30:59 +0000  54056 bytes for ./Payload/Stasht.app/SimpleLineIcons.ttf
copying file ./Payload/Stasht.app/embedded.mobileprovision ... 
2019-04-26 19:30:59 +0000  7591 bytes for ./Payload/Stasht.app/embedded.mobileprovision
2019-04-26 19:30:59 +0000  copying file ./Payload/Stasht.app/assets/app/images/left-arrow.png ... 
2019-04-26 19:30:59 +0000  207 bytes for ./Payload/Stasht.app/assets/app/images/left-arrow.png
copying file ./Payload/Stasht.app/assets/app/images/login_bg.png ... 
2019-04-26 19:30:59 +0000  110982 bytes for ./Payload/Stasht.app/assets/app/images/login_bg.png
copying file ./Payload/Stasht.app/assets/app/images/facebook-icon.png ... 
2019-04-26 19:30:59 +0000  531 bytes for ./Payload/Stasht.app/assets/app/images/facebook-icon.png
copying file ./Payload/Stasht.app/assets/app/images/thumb1.png ... 
2019-04-26 19:30:59 +0000  8748 bytes for ./Payload/Stasht.app/assets/app/images/thumb1.png
copying file ./Payload/Stasht.app/assets/app/images/instagram.png ... 
2019-04-26 19:30:59 +0000  2775 bytes for ./Payload/Stasht.app/assets/app/images/instagram.png
copying file ./Payload/Stasht.app/assets/app/images/thumb2.png ... 
6624 bytes for ./Payload/Stasht.app/assets/app/images/thumb2.png
copying file ./Payload/Stasht.app/assets/app/images/selected-overlay.png ... 
2019-04-26 19:30:59 +0000  1732 bytes for ./Payload/Stasht.app/assets/app/images/selected-overlay.png
copying file ./Payload/Stasht.app/assets/app/images/list-icon.png ... 
189 bytes for ./Payload/Stasht.app/assets/app/images/list-icon.png
copying file ./Payload/Stasht.app/assets/app/images/woman-5.png ... 
2019-04-26 19:30:59 +0000  3862 bytes for ./Payload/Stasht.app/assets/app/images/woman-5.png
copying file ./Payload/Stasht.app/assets/app/images/export.png ... 
375 bytes for ./Payload/Stasht.app/assets/app/images/export.png
copying file ./Payload/Stasht.app/assets/app/images/right-arrow.png ... 
2019-04-26 19:30:59 +0000  214 bytes for ./Payload/Stasht.app/assets/app/images/right-arrow.png
copying file ./Payload/Stasht.app/assets/app/images/images-icon-selected.png ... 
675 bytes for ./Payload/Stasht.app/assets/app/images/images-icon-selected.png
2019-04-26 19:30:59 +0000  copying file ./Payload/Stasht.app/assets/app/images/record_btn.png ... 
2019-04-26 19:30:59 +0000  18130 bytes for ./Payload/Stasht.app/assets/app/images/record_btn.png
copying file ./Payload/Stasht.app/assets/app/images/photo_btn.png ... 
2019-04-26 19:30:59 +0000  18073 bytes for ./Payload/Stasht.app/assets/app/images/photo_btn.png
copying file ./Payload/Stasht.app/assets/app/images/avata2.png ... 
2019-04-26 19:30:59 +0000  3645 bytes for ./Payload/Stasht.app/assets/app/images/avata2.png
copying file ./Payload/Stasht.app/assets/app/images/folder-icon-selected.png ... 
2019-04-26 19:30:59 +0000  322 bytes for ./Payload/Stasht.app/assets/app/images/folder-icon-selected.png
copying file ./Payload/Stasht.app/assets/app/images/timeline_bg.png ... 
2019-04-26 19:30:59 +0000  50904 bytes for ./Payload/Stasht.app/assets/app/images/timeline_bg.png
copying file ./Payload/Stasht.app/assets/app/images/avata3.png ... 
2019-04-26 19:30:59 +0000  4173 bytes for ./Payload/Stasht.app/assets/app/images/avata3.png
copying file ./Payload/Stasht.app/assets/app/images/splash.png ... 
2019-04-26 19:30:59 +0000  65212 bytes for ./Payload/Stasht.app/assets/app/images/splash.png
2019-04-26 19:30:59 +0000  copying file ./Payload/Stasht.app/assets/app/images/avata1.png ... 
4364 bytes for ./Payload/Stasht.app/assets/app/images/avata1.png
copying file ./Payload/Stasht.app/assets/app/images/forward.png ... 
2019-04-26 19:30:59 +0000  326 bytes for ./Payload/Stasht.app/assets/app/images/forward.png
copying file ./Payload/Stasht.app/assets/app/images/postlogo.png ... 
2019-04-26 19:30:59 +0000  15244 bytes for ./Payload/Stasht.app/assets/app/images/postlogo.png
copying file ./Payload/Stasht.app/assets/app/images/facebook1.png ... 
2019-04-26 19:30:59 +0000  209 bytes for ./Payload/Stasht.app/assets/app/images/facebook1.png
copying file ./Payload/Stasht.app/assets/app/images/record_btn1.png ... 
2019-04-26 19:30:59 +0000  17422 bytes for ./Payload/Stasht.app/assets/app/images/record_btn1.png
copying file ./Payload/Stasht.app/assets/app/images/trashcan.png ... 
2019-04-26 19:30:59 +0000  368 bytes for ./Payload/Stasht.app/assets/app/images/trashcan.png
copying file ./Payload/Stasht.app/assets/app/images/instagram-icon.png ... 
2019-04-26 19:30:59 +0000  1009 bytes for ./Payload/Stasht.app/assets/app/images/instagram-icon.png
copying file ./Payload/Stasht.app/assets/app/images/info-with-circle.png ... 
2019-04-26 19:30:59 +0000  570 bytes for ./Payload/Stasht.app/assets/app/images/info-with-circle.png
copying file ./Payload/Stasht.app/assets/app/images/facebook.png ... 
2019-04-26 19:30:59 +0000  9722 bytes for ./Payload/Stasht.app/assets/app/images/facebook.png
copying file ./Payload/Stasht.app/assets/app/images/folder-icon.png ... 
319 bytes for ./Payload/Stasht.app/assets/app/images/folder-icon.png
copying file ./Payload/Stasht.app/assets/app/images/images-icon.png ... 
2019-04-26 19:30:59 +0000  629 bytes for ./Payload/Stasht.app/assets/app/images/images-icon.png
copying file ./Payload/Stasht.app/assets/app/images/search-icon.png ... 
500 bytes for ./Payload/Stasht.app/assets/app/images/search-icon.png
copying file ./Payload/Stasht.app/assets/app/images/forgot.png ... 
2019-04-26 19:30:59 +0000  6712 bytes for ./Payload/Stasht.app/assets/app/images/forgot.png
copying file ./Payload/Stasht.app/assets/app/images/photo1.png ... 
2019-04-26 19:30:59 +0000  255356 bytes for ./Payload/Stasht.app/assets/app/images/photo1.png
2019-04-26 19:30:59 +0000  copying file ./Payload/Stasht.app/assets/node_modules/react-native-ratings/src/images/bell.png ... 
2019-04-26 19:30:59 +0000  2989 bytes for ./Payload/Stasht.app/assets/node_modules/react-native-ratings/src/images/bell.png
copying file ./Payload/Stasht.app/assets/node_modules/react-native-ratings/src/images/airbnb-star-selected.png ... 
934 bytes for ./Payload/Stasht.app/assets/node_modules/react-native-ratings/src/images/airbnb-star-selected.png
copying file ./Payload/Stasht.app/assets/node_modules/react-native-ratings/src/images/heart.png ... 
2019-04-26 19:30:59 +0000  1928 bytes for ./Payload/Stasht.app/assets/node_modules/react-native-ratings/src/images/heart.png
copying file ./Payload/Stasht.app/assets/node_modules/react-native-ratings/src/images/airbnb-star.png ... 
2019-04-26 19:30:59 +0000  930 bytes for ./Payload/Stasht.app/assets/node_modules/react-native-ratings/src/images/airbnb-star.png
copying file ./Payload/Stasht.app/assets/node_modules/react-native-ratings/src/images/rocket.png ... 
4050 bytes for ./Payload/Stasht.app/assets/node_modules/react-native-ratings/src/images/rocket.png
copying file ./Payload/Stasht.app/assets/node_modules/react-native-ratings/src/images/star.png ... 
2019-04-26 19:30:59 +0000  1961 bytes for ./Payload/Stasht.app/assets/node_modules/react-native-ratings/src/images/star.png
copying file ./Payload/Stasht.app/assets/node_modules/react-native-router-flux/images/menu_burger.png ... 
2019-04-26 19:30:59 +0000  706 bytes for ./Payload/Stasht.app/assets/node_modules/react-native-router-flux/images/menu_burger.png
copying file ./Payload/Stasht.app/assets/node_modules/react-native-router-flux/images/back_chevron.png ... 
575 bytes for ./Payload/Stasht.app/assets/node_modules/react-native-router-flux/images/back_chevron.png
2019-04-26 19:30:59 +0000  copying file ./Payload/Stasht.app/assets/node_modules/react-native-camera-roll-picker/circle-check.png ... 
1942 bytes for ./Payload/Stasht.app/assets/node_modules/react-native-camera-roll-picker/circle-check.png
2019-04-26 19:30:59 +0000  copying file ./Payload/Stasht.app/assets/node_modules/react-navigation-stack/dist/views/assets/back-icon@3x.png ... 
761 bytes for ./Payload/Stasht.app/assets/node_modules/react-navigation-stack/dist/views/assets/back-icon@3x.png
copying file ./Payload/Stasht.app/assets/node_modules/react-navigation-stack/dist/views/assets/back-icon@2x.png ... 
2019-04-26 19:30:59 +0000  405 bytes for ./Payload/Stasht.app/assets/node_modules/react-navigation-stack/dist/views/assets/back-icon@2x.png
copying file ./Payload/Stasht.app/assets/node_modules/react-navigation-stack/dist/views/assets/back-icon.png ... 
290 bytes for ./Payload/Stasht.app/assets/node_modules/react-navigation-stack/dist/views/assets/back-icon.png
copying file ./Payload/Stasht.app/assets/node_modules/react-navigation-stack/dist/views/assets/back-icon-mask.png ... 
2019-04-26 19:30:59 +0000  659 bytes for ./Payload/Stasht.app/assets/node_modules/react-navigation-stack/dist/views/assets/back-icon-mask.png
copying file ./Payload/Stasht.app/Info.plist ... 
2019-04-26 19:30:59 +0000  2365 bytes for ./Payload/Stasht.app/Info.plist
copying file ./Payload/Stasht.app/PkgInfo ... 
8 bytes for ./Payload/Stasht.app/PkgInfo
copying file ./Payload/Stasht.app/MaterialIcons.ttf ... 
2019-04-26 19:30:59 +0000  128180 bytes for ./Payload/Stasht.app/MaterialIcons.ttf
copying file ./Payload/Stasht.app/gibson-regularitalic.ttf ... 
2019-04-26 19:30:59 +0000  42612 bytes for ./Payload/Stasht.app/gibson-regularitalic.ttf
2019-04-26 19:30:59 +0000  /usr/bin/ditto exited with 0
2019-04-26 19:30:59 +0000  Processing step: IDEDistributionAppStoreInformationStep
2019-04-26 19:30:59 +0000  Skipping step: IDEDistributionAppStoreInformationStep because it said so
2019-04-26 19:30:59 +0000  Processing step: IDEDistributionCreateManifestStep
2019-04-26 19:30:59 +0000  Skipping step: IDEDistributionCreateManifestStep because it said so
